<?xml version="1.0" encoding="UTF-8"?>
<!-- Generated by org.testng.reporters.JUnitReportReporter -->
<testsuite skipped="0" hostname="WKWIN7870043" name="stepdfn.GetCallBDD" tests="3" failures="0" timestamp="2020-03-12T14:31:34 IST" time="4.458" errors="0">
  <testcase name="test_currentF1" time="3.651" classname="stepdfn.GetCallBDD"/>
  <system-out/>
  <testcase name="test_numberOfRoundsFor2018" time="0.395" classname="stepdfn.GetCallBDD"/>
  <system-out/>
  <testcase name="test_numberOfCircuitsFor2017" time="0.412" classname="stepdfn.GetCallBDD"/>
  <system-out/>
</testsuite> <!-- stepdfn.GetCallBDD -->
